<?xml version="1.0" encoding="UTF-8"?>
<!-- Generated by org.testng.reporters.JUnitReportReporter -->
<testsuite skipped="0" hostname="DESKTOP-UQ5ATUK" name="org.testing.TestScripts.TC2" tests="1" failures="0" timestamp="04 Apr 2020 16:32:57 GMT" time="0.189" errors="0">
  <testcase name="testcase2" time="0.189" classname="org.testing.TestScripts.TC2"/>
</testsuite> <!-- org.testing.TestScripts.TC2 -->
