<?xml version="1.0" encoding="UTF-8"?>
<!-- Generated by org.testng.reporters.JUnitReportReporter -->
<testsuite skipped="0" hostname="DESKTOP-UQ5ATUK" name="org.testing.TestScripts.TC1" tests="1" failures="0" timestamp="18 Apr 2020 06:04:52 GMT" time="0.021" errors="0">
  <testcase name="testcase1" time="0.021" classname="org.testing.TestScripts.TC1"/>
</testsuite> <!-- org.testing.TestScripts.TC1 -->
